This is pdfTeX, Version 3.1415926-2.3-1.40.12 (MiKTeX 2.9) (preloaded format=pdflatex 2013.10.18)  30 NOV 2013 16:40
entering extended mode
**C:/Users/Administator/Desktop/pathplanning_report/pathplanning_report.tex
(C:/Users/Administator/Desktop/pathplanning_report/pathplanning_report.tex
LaTeX2e <2011/06/27>
Babel <v3.8m> and hyphenation patterns for loaded.
(D:\CTEX\MiKTeX\tex\latex\base\article.cls
Document Class: article 2007/10/19 v1.4h Standard LaTeX document class
(D:\CTEX\MiKTeX\tex\latex\base\size11.clo
File: size11.clo 2007/10/19 v1.4h Standard LaTeX file (size option)
)
\c@part=\count79
\c@section=\count80
\c@subsection=\count81
\c@subsubsection=\count82
\c@paragraph=\count83
\c@subparagraph=\count84
\c@figure=\count85
\c@table=\count86
\abovecaptionskip=\skip41
\belowcaptionskip=\skip42
\bibindent=\dimen102
)
(D:\CTEX\MiKTeX\tex\latex\ams\math\amsmath.sty
Package: amsmath 2000/07/18 v2.13 AMS math features
\@mathmargin=\skip43

For additional information on amsmath, use the `?' option.
(D:\CTEX\MiKTeX\tex\latex\ams\math\amstext.sty
Package: amstext 2000/06/29 v2.01

(D:\CTEX\MiKTeX\tex\latex\ams\math\amsgen.sty
File: amsgen.sty 1999/11/30 v2.0
\@emptytoks=\toks14
\ex@=\dimen103
))
(D:\CTEX\MiKTeX\tex\latex\ams\math\amsbsy.sty
Package: amsbsy 1999/11/29 v1.2d
\pmbraise@=\dimen104
)
(D:\CTEX\MiKTeX\tex\latex\ams\math\amsopn.sty
Package: amsopn 1999/12/14 v2.01 operator names
)
\inf@bad=\count87
LaTeX Info: Redefining \frac on input line 211.
\uproot@=\count88
\leftroot@=\count89
LaTeX Info: Redefining \overline on input line 307.
\classnum@=\count90
\DOTSCASE@=\count91
LaTeX Info: Redefining \ldots on input line 379.
LaTeX Info: Redefining \dots on input line 382.
LaTeX Info: Redefining \cdots on input line 467.
\Mathstrutbox@=\box26
\strutbox@=\box27
\big@size=\dimen105
LaTeX Font Info:    Redeclaring font encoding OML on input line 567.
LaTeX Font Info:    Redeclaring font encoding OMS on input line 568.
\macc@depth=\count92
\c@MaxMatrixCols=\count93
\dotsspace@=\muskip10
\c@parentequation=\count94
\dspbrk@lvl=\count95
\tag@help=\toks15
\row@=\count96
\column@=\count97
\maxfields@=\count98
\andhelp@=\toks16
\eqnshift@=\dimen106
\alignsep@=\dimen107
\tagshift@=\dimen108
\tagwidth@=\dimen109
\totwidth@=\dimen110
\lineht@=\dimen111
\@envbody=\toks17
\multlinegap=\skip44
\multlinetaggap=\skip45
\mathdisplay@stack=\toks18
LaTeX Info: Redefining \[ on input line 2666.
LaTeX Info: Redefining \] on input line 2667.
)
(D:\CTEX\MiKTeX\tex\latex\amsfonts\amssymb.sty
Package: amssymb 2009/06/22 v3.00

(D:\CTEX\MiKTeX\tex\latex\amsfonts\amsfonts.sty
Package: amsfonts 2009/06/22 v3.00 Basic AMSFonts support
\symAMSa=\mathgroup4
\symAMSb=\mathgroup5
LaTeX Font Info:    Overwriting math alphabet `\mathfrak' in version `bold'
(Font)                  U/euf/m/n --> U/euf/b/n on input line 96.
))
(D:\CTEX\MiKTeX\tex\latex\siunitx\siunitx.sty
(D:\CTEX\MiKTeX\tex\latex\l3kernel\expl3.sty
(D:\CTEX\MiKTeX\tex\latex\l3kernel\l3names.sty
(D:\CTEX\MiKTeX\tex\latex\l3kernel\l3bootstrap.sty
Package: l3bootstrap 2011/12/29 v3110 L3 Experimental bootstrap code
)
Package: l3names 2011/12/30 v3113 L3 Experimental namespace for primitives
)
(D:\CTEX\MiKTeX\tex\latex\misc\etex.sty
Package: etex 1998/03/26 v2.0 eTeX basic definition package (PEB)
\et@xins=\count99
)
Package: expl3 2012/02/26 v3471 L3 Experimental code bundle wrapper

(D:\CTEX\MiKTeX\tex\latex\graphics\color.sty
Package: color 2005/11/14 v1.0j Standard LaTeX Color (DPC)

(D:\CTEX\MiKTeX\tex\latex\00miktex\color.cfg
File: color.cfg 2007/01/18 v1.5 color configuration of teTeX/TeXLive
)
Package color Info: Driver file: pdftex.def on input line 130.

(D:\CTEX\MiKTeX\tex\latex\pdftex-def\pdftex.def
File: pdftex.def 2011/05/27 v0.06d Graphics/color for pdfTeX

(D:\CTEX\MiKTeX\tex\generic\oberdiek\infwarerr.sty
Package: infwarerr 2010/04/08 v1.3 Providing info/warning/message (HO)
)
(D:\CTEX\MiKTeX\tex\generic\oberdiek\ltxcmds.sty
Package: ltxcmds 2011/04/18 v1.20 LaTeX kernel commands for general use (HO)
)
\Gread@gobject=\count100
))
(D:\CTEX\MiKTeX\tex\latex\graphics\graphics.sty
Package: graphics 2009/02/05 v1.0o Standard LaTeX Graphics (DPC,SPQR)

(D:\CTEX\MiKTeX\tex\latex\graphics\trig.sty
Package: trig 1999/03/16 v1.09 sin cos tan (DPC)
)
(D:\CTEX\MiKTeX\tex\latex\00miktex\graphics.cfg
File: graphics.cfg 2007/01/18 v1.5 graphics configuration of teTeX/TeXLive
)
Package graphics Info: Driver file: pdftex.def on input line 91.
)
(D:\CTEX\MiKTeX\tex\latex\l3kernel\l3basics.sty
Package: l3basics 2012/02/26 v3460 L3 Experimental basic definitions
)
(D:\CTEX\MiKTeX\tex\latex\l3kernel\l3expan.sty
Package: l3expan 2012/02/26 v3460 L3 Experimental argument expansion
)
(D:\CTEX\MiKTeX\tex\latex\l3kernel\l3tl.sty
Package: l3tl 2012/02/26 v3460 L3 Experimental token lists
)
(D:\CTEX\MiKTeX\tex\latex\l3kernel\l3seq.sty
Package: l3seq 2012/01/09 v3158 L3 Experimental sequences and stacks
)
(D:\CTEX\MiKTeX\tex\latex\l3kernel\l3int.sty
Package: l3int 2012/02/26 v3460 L3 Experimental integers
\c_max_int=\count101
\l_tmpa_int=\count102
\l_tmpb_int=\count103
\l_tmpc_int=\count104
\g_tmpa_int=\count105
\g_tmpb_int=\count106
)
(D:\CTEX\MiKTeX\tex\latex\l3kernel\l3quark.sty
Package: l3quark 2012/02/12 v3384 L3 Experimental quarks
)
(D:\CTEX\MiKTeX\tex\latex\l3kernel\l3prg.sty
Package: l3prg 2012/02/26 v3464 L3 Experimental control structures
\g_prg_map_int=\count107
)
(D:\CTEX\MiKTeX\tex\latex\l3kernel\l3clist.sty
Package: l3clist 2012/02/26 v3460 L3 Experimental comma separated lists
)
(D:\CTEX\MiKTeX\tex\latex\l3kernel\l3token.sty
Package: l3token 2012/02/26 v3460 L3 Experimental token manipulation
)
(D:\CTEX\MiKTeX\tex\latex\l3kernel\l3prop.sty
Package: l3prop 2012/02/26 v3460 L3 Experimental property lists
)
(D:\CTEX\MiKTeX\tex\latex\l3kernel\l3msg.sty
Package: l3msg 2012/02/26 v3470 L3 Experimental messages
)
(D:\CTEX\MiKTeX\tex\latex\l3kernel\l3file.sty
Package: l3file 2012/02/26 v3464 L3 Experimental file and I/O operations
\l_iow_stream_int=\count108
\l_iow_line_length_int=\count109
\l_iow_target_length_int=\count110
\l_iow_current_line_int=\count111
\l_iow_current_word_int=\count112
\l_iow_current_indentation_int=\count113
)
(D:\CTEX\MiKTeX\tex\latex\l3kernel\l3skip.sty
Package: l3skip 2012/02/26 v3460 L3 Experimental dimensions and skips
\l_tmpa_dim=\dimen112
\l_tmpb_dim=\dimen113
\l_tmpc_dim=\dimen114
\g_tmpa_dim=\dimen115
\g_tmpb_dim=\dimen116
\l_tmpa_skip=\skip46
\l_tmpb_skip=\skip47
\l_tmpc_skip=\skip48
\g_tmpa_skip=\skip49
\g_tmpb_skip=\skip50
)
(D:\CTEX\MiKTeX\tex\latex\l3kernel\l3keys.sty
Package: l3keys 2011/12/22 v3086 L3 Experimental key-value interfaces
\g_keyval_level_int=\count114
\l_keys_choice_int=\count115
)
(D:\CTEX\MiKTeX\tex\latex\l3kernel\l3fp.sty
Package: l3fp 2012/02/06 v3315 L3 Experimental floating-point operations
\c_one_million=\count116
\c_one_hundred_million=\count117
\c_five_hundred_million=\count118
\c_one_thousand_million=\count119
\c_fp_pi_by_four_decimal_int=\count120
\c_fp_pi_by_four_extended_int=\count121
\c_fp_pi_decimal_int=\count122
\c_fp_pi_extended_int=\count123
\c_fp_two_pi_decimal_int=\count124
\c_fp_two_pi_extended_int=\count125
\l_fp_count_int=\count126
\l_fp_div_offset_int=\count127
\l_fp_exp_integer_int=\count128
\l_fp_exp_decimal_int=\count129
\l_fp_exp_extended_int=\count130
\l_fp_exp_exponent_int=\count131
\l_fp_input_a_sign_int=\count132
\l_fp_input_a_integer_int=\count133
\l_fp_input_a_decimal_int=\count134
\l_fp_input_a_exponent_int=\count135
\l_fp_input_b_sign_int=\count136
\l_fp_input_b_integer_int=\count137
\l_fp_input_b_decimal_int=\count138
\l_fp_input_b_exponent_int=\count139
\l_fp_input_a_extended_int=\count140
\l_fp_input_b_extended_int=\count141
\l_fp_mul_a_i_int=\count142
\l_fp_mul_a_ii_int=\count143
\l_fp_mul_a_iii_int=\count144
\l_fp_mul_a_iv_int=\count145
\l_fp_mul_a_v_int=\count146
\l_fp_mul_a_vi_int=\count147
\l_fp_mul_b_i_int=\count148
\l_fp_mul_b_ii_int=\count149
\l_fp_mul_b_iii_int=\count150
\l_fp_mul_b_iv_int=\count151
\l_fp_mul_b_v_int=\count152
\l_fp_mul_b_vi_int=\count153
\l_fp_mul_output_int=\count154
\l_fp_output_sign_int=\count155
\l_fp_output_integer_int=\count156
\l_fp_output_decimal_int=\count157
\l_fp_output_exponent_int=\count158
\l_fp_output_extended_int=\count159
\l_fp_round_position_int=\count160
\l_fp_round_target_int=\count161
\l_fp_split_sign_int=\count162
\l_fp_internal_int=\count163
\l_fp_trig_octant_int=\count164
\l_fp_trig_sign_int=\count165
\l_fp_trig_decimal_int=\count166
\l_fp_trig_extended_int=\count167
\l_fp_internal_dim=\dimen117
\l_fp_internal_skip=\skip51
)
(D:\CTEX\MiKTeX\tex\latex\l3kernel\l3box.sty
Package: l3box 2012/02/18 v3432 L3 Experimental boxes
\l_tmpb_box=\box28
\l_box_top_dim=\dimen118
\l_box_bottom_dim=\dimen119
\l_box_left_dim=\dimen120
\l_box_right_dim=\dimen121
\l_box_top_new_dim=\dimen122
\l_box_bottom_new_dim=\dimen123
\l_box_left_new_dim=\dimen124
\l_box_right_new_dim=\dimen125
\l_box_internal_box=\box29
)
(D:\CTEX\MiKTeX\tex\latex\l3kernel\l3coffins.sty
Package: l3coffins 2012/02/26 v3460 L3 Experimental coffin code layer
\l_coffin_internal_box=\box30
\l_coffin_internal_dim=\dimen126
\l_coffin_offset_x_dim=\dimen127
\l_coffin_offset_y_dim=\dimen128
\l_coffin_x_dim=\dimen129
\l_coffin_y_dim=\dimen130
\l_coffin_x_prime_dim=\dimen131
\l_coffin_y_prime_dim=\dimen132
\l_coffin_Depth_dim=\dimen133
\l_coffin_Height_dim=\dimen134
\l_coffin_TotalHeight_dim=\dimen135
\l_coffin_Width_dim=\dimen136
\c_empty_coffin=\box31
\l_coffin_aligned_coffin=\box32
\l_coffin_aligned_internal_coffin=\box33
\l_coffin_bounding_shift_dim=\dimen137
\l_coffin_left_corner_dim=\dimen138
\l_coffin_right_corner_dim=\dimen139
\l_coffin_bottom_corner_dim=\dimen140
\l_coffin_top_corner_dim=\dimen141
\l_coffin_scaled_total_height_dim=\dimen142
\l_coffin_scaled_width_dim=\dimen143
\l_coffin_display_coffin=\box34
\l_coffin_display_coord_coffin=\box35
\l_coffin_display_pole_coffin=\box36
\l_coffin_display_offset_dim=\dimen144
\l_coffin_display_x_dim=\dimen145
\l_coffin_display_y_dim=\dimen146
)
(D:\CTEX\MiKTeX\tex\latex\l3kernel\l3color.sty
Package: l3color 2011/09/07 v2776 L3 Experimental colour support
)
(D:\CTEX\MiKTeX\tex\latex\l3kernel\l3luatex.sty
Package: l3luatex 2012/02/09 v3355 L3 Experimental LuaTeX-specific functions
\g_cctab_allocate_int=\count168
\g_cctab_stack_int=\count169
))
Package: siunitx 2012/01/26 v2.4j A comprehensive (SI) units package

(D:\CTEX\MiKTeX\tex\latex\tools\array.sty
Package: array 2008/09/09 v2.4c Tabular extension package (FMi)
\col@sep=\dimen147
\extrarowheight=\dimen148
\NC@list=\toks19
\extratabsurround=\skip52
\backup@length=\skip53
)
(D:\CTEX\MiKTeX\tex\latex\l3packages\l3keys2e\l3keys2e.sty
(D:\CTEX\MiKTeX\tex\latex\l3packages\xparse\xparse.sty
Package: xparse 2012/02/26 v3471 L3 Experimental document command parser
\l_xparse_current_arg_int=\count170
\l_xparse_m_args_int=\count171
\l_xparse_mandatory_args_int=\count172
\l_xparse_processor_int=\count173
\l_xparse_v_nesting_int=\count174
)
Package: l3keys2e 2012/02/26 v3471 LaTeX2e option processing using LaTeX3 keys
)
\l_siunitx_tmp_box=\box37
\l_siunitx_tmp_dim=\dimen149
\l_siunitx_tmp_int=\count175
Variant \prop_get:NVNT already defined; not changing it on line 363
Variant \prop_get:NVNF already defined; not changing it on line 364
Variant \prop_get:NVNTF already defined; not changing it on line 365
\l_siunitx_number_mantissa_length_int=\count176
\l_siunitx_number_uncert_length_int=\count177
\l_siunitx_round_int=\count178
\l_siunitx_process_decimal_int=\count179
\l_siunitx_process_uncertainty_int=\count180
\l_siunitx_process_fixed_int=\count181
\l_siunitx_process_integer_min_int=\count182
\l_siunitx_process_precision_int=\count183
\l_siunitx_group_min_int=\count184
\l_siunitx_angle_marker_box=\box38
\l_siunitx_angle_unit_box=\box39
\l_siunitx_angle_marker_dim=\dimen150
\l_siunitx_angle_unit_dim=\dimen151
\l_siunitx_unit_int=\count185
\l_siunitx_unit_denominator_int=\count186
\l_siunitx_unit_numerator_int=\count187
\l_siunitx_unit_prefix_int=\count188
\l_siunitx_unit_prefix_base_int=\count189
\l_siunitx_unit_prefix_gram_int=\count190
\l_siunitx_number_product_int=\count191
\c_siunitx_one_fill_skip=\skip54
\l_siunitx_table_unit_align_skip=\skip55
\l_siunitx_table_exponent_dim=\dimen152
\l_siunitx_table_integer_dim=\dimen153
\l_siunitx_table_mantissa_dim=\dimen154
\l_siunitx_table_marker_dim=\dimen155
\l_siunitx_table_result_dim=\dimen156
\l_siunitx_table_uncert_dim=\dimen157
\l_siunitx_table_fill_pre_dim=\dimen158
\l_siunitx_table_fill_post_dim=\dimen159
\l_siunitx_table_fill_mid_dim=\dimen160
\l_siunitx_table_pre_box=\box40
\l_siunitx_table_post_box=\box41
\l_siunitx_table_mantissa_box=\box42
\l_siunitx_table_result_box=\box43
\l_siunitx_table_number_align_skip=\skip56
\l_siunitx_table_text_align_skip=\skip57
.................................................
. LaTeX info: "xparse/define-command"
. 
. Defining document command \DeclareBinaryPrefix with arg. spec. 'mmm' on line
. 6955.
.................................................
.................................................
. LaTeX info: "xparse/define-command"
. 
. Defining document command \DeclareSIPostPower with arg. spec. 'mm' on line
. 6958.
.................................................
.................................................
. LaTeX info: "xparse/define-command"
. 
. Defining document command \DeclareSIPrefix with arg. spec. 'mmm' on line
. 6961.
.................................................
.................................................
. LaTeX info: "xparse/define-command"
. 
. Defining document command \DeclareSIPrePower with arg. spec. 'mm' on line
. 6964.
.................................................
.................................................
. LaTeX info: "xparse/define-command"
. 
. Defining document command \DeclareSIQualifier with arg. spec. 'mm' on line
. 6967.
.................................................
.................................................
. LaTeX info: "xparse/define-command"
. 
. Defining document command \DeclareSIUnit with arg. spec. 'O{}mm' on line
. 6970.
.................................................
.................................................
. LaTeX info: "xparse/define-command"
. 
. Defining document command \DeclareSIUnitWithOptions with arg. spec. 'mmm' on
. line 6973.
.................................................
.................................................
. LaTeX info: "xparse/define-command"
. 
. Defining document command \ang with arg. spec. 'o>{\SplitArgument {2}{;}}m'
. on line 6988.
.................................................
.................................................
. LaTeX info: "xparse/define-command"
. 
. Defining document command \num with arg. spec. 'om' on line 6996.
.................................................
.................................................
. LaTeX info: "xparse/define-command"
. 
. Defining document command \numlist with arg. spec. 'o>{\SplitList {;}}m' on
. line 7004.
.................................................
.................................................
. LaTeX info: "xparse/define-command"
. 
. Defining document command \numrange with arg. spec. 'omm' on line 7012.
.................................................
.................................................
. LaTeX info: "xparse/define-command"
. 
. Defining document command \SIlist with arg. spec. 'o>{\SplitList {;}}mm' on
. line 7023.
.................................................
.................................................
. LaTeX info: "xparse/define-command"
. 
. Defining document command \SIrange with arg. spec. 'ommm' on line 7034.
.................................................
.................................................
. LaTeX info: "xparse/define-command"
. 
. Defining document command \SI with arg. spec. 'omom' on line 7045.
.................................................
.................................................
. LaTeX info: "xparse/define-command"
. 
. Defining document command \sisetup with arg. spec. 'm' on line 7048.
.................................................
.................................................
. LaTeX info: "xparse/define-command"
. 
. Defining document command \tablenum with arg. spec. 'om' on line 7060.
.................................................
.................................................
. LaTeX info: "xparse/define-command"
. 
. Defining document command \si with arg. spec. 'om' on line 7071.
.................................................
.................................................
. LaTeX info: "xparse/define-command"
. 
. Defining document command \siunitx_bookmark_num:w with arg. spec. 'om' on
. line 7115.
.................................................
.................................................
. LaTeX info: "xparse/define-command"
. 
. Defining document command \siunitx_bookmark_numrange:w with arg. spec. 'omm'
. on line 7117.
.................................................
.................................................
. LaTeX info: "xparse/define-command"
. 
. Defining document command \siunitx_bookmark_SI:w with arg. spec. 'omom' on
. line 7119.
.................................................
.................................................
. LaTeX info: "xparse/define-command"
. 
. Defining document command \siunitx_bookmark_SIlist:w with arg. spec. 'omm'
. on line 7121.
.................................................
.................................................
. LaTeX info: "xparse/define-command"
. 
. Defining document command \siunitx_bookmark_SIrange:w with arg. spec. 'ommm'
. on line 7123.
.................................................
.................................................
. LaTeX info: "xparse/define-command"
. 
. Defining document command \siunitx_bookmark_si:w with arg. spec. 'om' on
. line 7124.
.................................................
\g_ior_internal_ior=\read1

(D:\CTEX\MiKTeX\tex\latex\beamer\base\translator\translator.sty
Package: translator 2010/06/12 ver 1.10

(D:\CTEX\MiKTeX\tex\latex\graphics\keyval.sty
Package: keyval 1999/03/16 v1.13 key=value parser (DPC)
\KV@toks@=\toks20
)
(D:\CTEX\MiKTeX\tex\latex\beamer\base\translator\translator-language-mappings.t
ex))) (D:\CTEX\MiKTeX\tex\latex\graphics\graphicx.sty
Package: graphicx 1999/02/16 v1.0f Enhanced LaTeX Graphics (DPC,SPQR)
\Gin@req@height=\dimen161
\Gin@req@width=\dimen162
)
(D:\CTEX\MiKTeX\tex\latex\tools\enumerate.sty
Package: enumerate 1999/03/05 v3.00 enumerate extensions (DPC)
\@enLab=\toks21
)
(D:\CTEX\MiKTeX\tex\latex\clrscode\clrscode.sty
Package: clrscode 2007/03/29 v1.7 format pseudocode

(D:\CTEX\MiKTeX\tex\latex\base\latexsym.sty
Package: latexsym 1998/08/17 v2.2e Standard LaTeX package (lasy symbols)
\symlasy=\mathgroup6
LaTeX Font Info:    Overwriting symbol font `lasy' in version `bold'
(Font)                  U/lasy/m/n --> U/lasy/b/n on input line 47.
)
\c@codelinenumber=\count192
\c@indent=\count193
\digitwidth=\skip58
\savecode=\box44
\codeboxwidth=\skip59
\c@thisindent=\count194
)
(D:\CTEX\MiKTeX\tex\latex\subfigure\subfigure.sty
Package: subfigure 2002/07/30 v2.1.4 subfigure package
\subfigtopskip=\skip60
\subfigcapskip=\skip61
\subfigcaptopadj=\dimen163
\subfigbottomskip=\skip62
\subfigcapmargin=\dimen164
\subfiglabelskip=\skip63
\c@subfigure=\count195
\c@lofdepth=\count196
\c@subtable=\count197
\c@lotdepth=\count198

****************************************
* Local config file subfigure.cfg used *
****************************************
(D:\CTEX\MiKTeX\tex\latex\subfigure\subfigure.cfg)
\subfig@top=\skip64
\subfig@bottom=\skip65
)
(D:\CTEX\MiKTeX\tex\latex\multirow\multirow.sty
\bigstrutjot=\dimen165
)
(D:\CTEX\MiKTeX\tex\latex\tools\dcolumn.sty
Package: dcolumn 2001/05/28 v1.06 decimal alignment package (DPC)
)
\c@mydef=\count199

(C:\Users\Administator\Desktop\pathplanning_report\pathplanning_report.aux)
LaTeX Font Info:    Checking defaults for OML/cmm/m/it on input line 35.
LaTeX Font Info:    ... okay on input line 35.
LaTeX Font Info:    Checking defaults for T1/cmr/m/n on input line 35.
LaTeX Font Info:    ... okay on input line 35.
LaTeX Font Info:    Checking defaults for OT1/cmr/m/n on input line 35.
LaTeX Font Info:    ... okay on input line 35.
LaTeX Font Info:    Checking defaults for OMS/cmsy/m/n on input line 35.
LaTeX Font Info:    ... okay on input line 35.
LaTeX Font Info:    Checking defaults for OMX/cmex/m/n on input line 35.
LaTeX Font Info:    ... okay on input line 35.
LaTeX Font Info:    Checking defaults for U/cmr/m/n on input line 35.
LaTeX Font Info:    ... okay on input line 35.

(D:\CTEX\MiKTeX\tex\context\base\supp-pdf.mkii
[Loading MPS to PDF converter (version 2006.09.02).]
\scratchcounter=\count200
\scratchdimen=\dimen166
\scratchbox=\box45
\nofMPsegments=\count201
Normal \count register pool exhausted, switching to extended pool.
\nofMParguments=\count277
\everyMPshowfont=\toks22
\MPscratchCnt=\count278
\MPscratchDim=\dimen167
\MPnumerator=\count279
\makeMPintoPDFobject=\count280
\everyMPtoPDFconversion=\toks23
)
(D:\CTEX\MiKTeX\tex\latex\beamer\base\translator\dicts\translator-basic-diction
ary\translator-basic-dictionary-English.dict
Dictionary: translator-basic-dictionary, Language: English 
)
(D:\CTEX\MiKTeX\tex\latex\siunitx\config\siunitx-abbreviations.cfg
File: siunitx-abbreviations.cfg 2012/01/26 v2.4j siunitx: Abbreviated units
)
(D:\CTEX\MiKTeX\tex\latex\siunitx\config\siunitx-binary.cfg
File: siunitx-binary.cfg 2012/01/26 v2.4j siunitx: Binary units
)
\c_siunitx_mathsf_int=\count281
LaTeX Font Info:    Try loading font information for U+msa on input line 35.

(D:\CTEX\MiKTeX\tex\latex\amsfonts\umsa.fd
File: umsa.fd 2009/06/22 v3.00 AMS symbols A
)
LaTeX Font Info:    Try loading font information for U+msb on input line 35.

(D:\CTEX\MiKTeX\tex\latex\amsfonts\umsb.fd
File: umsb.fd 2009/06/22 v3.00 AMS symbols B
)
LaTeX Font Info:    Try loading font information for U+lasy on input line 35.

(D:\CTEX\MiKTeX\tex\latex\base\ulasy.fd
File: ulasy.fd 1998/08/17 v2.2e LaTeX symbol font definitions
)
\c_siunitx_mathtt_int=\count282

Underfull \hbox (badness 10000) in paragraph at lines 57--74

 []


Overfull \hbox (7.16292pt too wide) in paragraph at lines 57--74
\OT1/cmr/m/n/10 This ar-ti-cle adopt-s \OT1/cmr/m/it/10 Non-dominated Sort-ing 
Ge-net-ic Al-go-rith-m I-I\OT1/cmr/m/n/10 (NSGA-
 []


Overfull \hbox (5.8446pt too wide) in paragraph at lines 57--74
\OT1/cmr/m/it/10 tion\OT1/cmr/m/n/10 (MOEA/D[[]]) and \OT1/cmr/m/it/10 Con-i-ca
l Area Evo-lu-tion-ary Al-go-rith-m\OT1/cmr/m/n/10 (CAEA[[]]),
 []


Underfull \hbox (badness 10000) in paragraph at lines 57--74

 []

[1

{D:/CTEX/UserData/pdftex/config/pdftex.map{Unicode.sfd}{UGBK.sfd}}]
(C:\Users\Administator\Desktop\pathplanning_report\pathplanning_report.toc)
\tf@toc=\write3

[2]
Underfull \hbox (badness 10000) in paragraph at lines 88--91

 []


Underfull \hbox (badness 10000) in paragraph at lines 95--102

 []


Underfull \hbox (badness 10000) in paragraph at lines 105--106

 []


Underfull \hbox (badness 10000) in paragraph at lines 117--122

 []


Underfull \hbox (badness 10000) in paragraph at lines 124--135

 []


Underfull \hbox (badness 10000) in paragraph at lines 124--135

 []

[3]

LaTeX Warning: The counter will not be printed.
             The label is: ~~ on input line 146.


Overfull \hbox (10.16362pt too wide) in paragraph at lines 139--146
\OT1/cmr/m/n/10.95 In ar-ti-fi-cial in-tel-li-gence, an \OT1/cmr/m/it/10.95 evo
-lu-tion-ary al-go-rith-m\OT1/cmr/m/n/10.95 (EA) is a gener-ic population-
 []


Underfull \hbox (badness 10000) in paragraph at lines 139--146

 []


Underfull \hbox (badness 10000) in paragraph at lines 155--156

 []

[4] [5]
Underfull \hbox (badness 10000) in paragraph at lines 197--202

 []


Underfull \hbox (badness 10000) in paragraph at lines 214--268

 []


Underfull \hbox (badness 10000) in paragraph at lines 214--268

 []


Underfull \hbox (badness 10000) in paragraph at lines 214--268

 []

[6] [7]
Warning: Indentation ends at level 1 in codebox on page 8.
[8]
Underfull \hbox (badness 10000) in paragraph at lines 335--339

 []


Underfull \hbox (badness 10000) in paragraph at lines 350--353

 []

[9]

LaTeX Warning: The counter will not be printed.
             The label is: ~~$\bullet $~~ on input line 363.


Underfull \hbox (badness 10000) in paragraph at lines 355--363

 []


Underfull \hbox (badness 10000) in paragraph at lines 355--363

 []


LaTeX Warning: The counter will not be printed.
             The label is: ~~$\bullet $~~ on input line 371.


LaTeX Font Warning: Font shape `OT1/cmr/bx/sc' undefined
(Font)              using `OT1/cmr/bx/n' instead on input line 384.

[10]
Overfull \vbox (1.39319pt too high) has occurred while \output is active []


[11]
Overfull \hbox (28.17209pt too wide) in paragraph at lines 433--438
\OT1/cmr/m/n/10.95 and the nadir point of A are re-spec-tive-ly: $\OML/cmm/m/it
/10.95 F[]\OT1/cmr/m/n/10.95 (\OML/cmm/m/it/10.95 A\OT1/cmr/m/n/10.95 ) = (\OML
/cmm/m/it/10.95 f[]\OT1/cmr/m/n/10.95 (\OML/cmm/m/it/10.95 A\OT1/cmr/m/n/10.95 
)\OML/cmm/m/it/10.95 ; f[]\OT1/cmr/m/n/10.95 (\OML/cmm/m/it/10.95 A\OT1/cmr/m/n
/10.95 ))[]\OML/cmm/m/it/10.95 F[]\OT1/cmr/m/n/10.95 (\OML/cmm/m/it/10.95 A\OT1
/cmr/m/n/10.95 ) =$
 []


Overfull \hbox (2.06288pt too wide) in paragraph at lines 444--447
[]\OT1/cmr/m/n/10.95 (Conical sub-re-gion). \OT1/cmr/m/it/10.95 For the cen-tra
l ob-ser-va-tion vec-tor $[] \OT1/cmr/m/n/10.95 =$
 []


Overfull \hbox (6.4921pt too wide) in paragraph at lines 444--447
\OT1/cmr/m/it/10.95 can be de-v-id-ed in-to $\OML/cmm/m/it/10.95 N$ \OT1/cmr/m/
it/10.95 con-i-cal sub-re-gion-s: $[] \OT1/cmr/m/n/10.95 = []$\OT1/cmr/m/it/10.
95 , 
 []

[12]
Underfull \hbox (badness 10000) in paragraph at lines 477--481

 []

[13] [14]
Underfull \hbox (badness 10000) in paragraph at lines 559--563

 []

[15] [16]
Underfull \hbox (badness 10000) in paragraph at lines 576--579

 []

<images/20131122155512.png, id=70, 519.44063pt x 520.94624pt>
File: images/20131122155512.png Graphic file (type png)

<use images/20131122155512.png>
Package pdftex.def Info: images/20131122155512.png used on input line 582.
(pdftex.def)             Requested size: 323.9978pt x 324.93083pt.
 [17 <C:/Users/Administator/Desktop/pathplanning_report/images/20131122155512.p
ng>]
Underfull \hbox (badness 10000) in paragraph at lines 602--607

 []


Underfull \hbox (badness 10000) in paragraph at lines 618--624

 []


Underfull \hbox (badness 10000) in paragraph at lines 618--624

 []


Underfull \hbox (badness 10000) in paragraph at lines 626--631

 []

[18]
Underfull \hbox (badness 10000) in paragraph at lines 639--644

 []


Underfull \hbox (badness 10000) in paragraph at lines 649--659

 []


Underfull \hbox (badness 10000) in paragraph at lines 649--659

 []

[19] <images/crossover.jpg, id=81, 1371.62437pt x 799.48688pt>
File: images/crossover.jpg Graphic file (type jpg)

<use images/crossover.jpg>
Package pdftex.def Info: images/crossover.jpg used on input line 669.
(pdftex.def)             Requested size: 323.9978pt x 188.84317pt.
 [20 <C:/Users/Administator/Desktop/pathplanning_report/images/crossover.jpg>] 
[21] [22]
<images/2020.png, id=91, 520.94624pt x 531.48563pt>
File: images/2020.png Graphic file (type png)
 <use images/2020.png>
Package pdftex.def Info: images/2020.png used on input line 768.
(pdftex.def)             Requested size: 251.9989pt x 257.0971pt.

<images/100nsga.png, id=92, 522.45187pt x 529.98pt>
File: images/100nsga.png Graphic file (type png)
 <use images/100nsga.png>
Package pdftex.def Info: images/100nsga.png used on input line 810.
(pdftex.def)             Requested size: 108.405pt x 109.96475pt.

<images/100moead.png, id=93, 516.42938pt x 519.44063pt>
File: images/100moead.png Graphic file (type png)

<use images/100moead.png>
Package pdftex.def Info: images/100moead.png used on input line 814.
(pdftex.def)             Requested size: 108.405pt x 109.0382pt.

<images/100caea.png, id=94, 519.44063pt x 519.44063pt>
File: images/100caea.png Graphic file (type png)

<use images/100caea.png>
Package pdftex.def Info: images/100caea.png used on input line 818.
(pdftex.def)             Requested size: 108.405pt x 108.40411pt.

Overfull \hbox (28.55pt too wide) in paragraph at lines 776--822
\OT1/cmr/m/n/10.95 In this test, the pa-ram-e-ter-s are as fol-lows: $\OML/cmm/
m/it/10.95 crossover rate  \OT1/cmr/m/n/10.95 =  0\OML/cmm/m/it/10.95 :\OT1/cmr
/m/n/10.95 9$; $\OML/cmm/m/it/10.95 mutation rate  \OT1/cmr/m/n/10.95 =$
 []

[23 <C:/Users/Administator/Desktop/pathplanning_report/images/2020.png>]
[24 <C:/Users/Administator/Desktop/pathplanning_report/images/100nsga.png> <C:/
Users/Administator/Desktop/pathplanning_report/images/100moead.png> <C:/Users/A
dministator/Desktop/pathplanning_report/images/100caea.png>]
<images/200nsga.png, id=102, 524.71031pt x 524.71031pt>
File: images/200nsga.png Graphic file (type png)

<use images/200nsga.png>
Package pdftex.def Info: images/200nsga.png used on input line 828.
(pdftex.def)             Requested size: 108.405pt x 108.39897pt.

<images/200moead.png, id=103, 516.42938pt x 520.94624pt>
File: images/200moead.png Graphic file (type png)

<use images/200moead.png>
Package pdftex.def Info: images/200moead.png used on input line 832.
(pdftex.def)             Requested size: 108.405pt x 109.35425pt.

<images/200caea.png, id=104, 521.69907pt x 520.94624pt>
File: images/200caea.png Graphic file (type png)

<use images/200caea.png>
Package pdftex.def Info: images/200caea.png used on input line 836.
(pdftex.def)             Requested size: 108.405pt x 108.24138pt.

<images/500nsga.png, id=105, 523.9575pt x 517.18219pt>
File: images/500nsga.png Graphic file (type png)

<use images/500nsga.png>
Package pdftex.def Info: images/500nsga.png used on input line 845.
(pdftex.def)             Requested size: 108.405pt x 107.00159pt.

<images/500moead.png, id=106, 514.17094pt x 523.20468pt>
File: images/500moead.png Graphic file (type png)

<use images/500moead.png>
Package pdftex.def Info: images/500moead.png used on input line 849.
(pdftex.def)             Requested size: 108.405pt x 110.30733pt.

<images/500caea.png, id=107, 518.6878pt x 520.19344pt>
File: images/500caea.png Graphic file (type png)

<use images/500caea.png>
Package pdftex.def Info: images/500caea.png used on input line 853.
(pdftex.def)             Requested size: 108.405pt x 108.71996pt.

Underfull \hbox (badness 10000) in paragraph at lines 864--870

 []

[25 <C:/Users/Administator/Desktop/pathplanning_report/images/200nsga.png> <C:/
Users/Administator/Desktop/pathplanning_report/images/200moead.png> <C:/Users/A
dministator/Desktop/pathplanning_report/images/200caea.png> <C:/Users/Administa
tor/Desktop/pathplanning_report/images/500nsga.png> <C:/Users/Administator/Desk
top/pathplanning_report/images/500moead.png> <C:/Users/Administator/Desktop/pat
hplanning_report/images/500caea.png>]
<images/40pcaea.png, id=112, 519.44063pt x 521.69907pt>
File: images/40pcaea.png Graphic file (type png)

<use images/40pcaea.png>
Package pdftex.def Info: images/40pcaea.png used on input line 897.
(pdftex.def)             Requested size: 108.405pt x 108.87543pt.

<images/100pcaea.png, id=113, 516.42938pt x 518.6878pt>
File: images/100pcaea.png Graphic file (type png)

<use images/100pcaea.png>
Package pdftex.def Info: images/100pcaea.png used on input line 901.
(pdftex.def)             Requested size: 108.405pt x 108.88016pt.

<images/200pcaea.png, id=114, 515.67656pt x 523.20468pt>
File: images/200pcaea.png Graphic file (type png)

<use images/200pcaea.png>
Package pdftex.def Info: images/200pcaea.png used on input line 905.
(pdftex.def)             Requested size: 108.405pt x 109.98799pt.

Overfull \hbox (20.15474pt too wide) in paragraph at lines 917--921
\OT1/cmr/m/n/10.95 Oth-er pa-ram-e-ter-s: $\OML/cmm/m/it/10.95 mutation rate  \
OT1/cmr/m/n/10.95 =  0\OML/cmm/m/it/10.95 :\OT1/cmr/m/n/10.95 1$; $\OML/cmm/m/i
t/10.95 population size  \OT1/cmr/m/n/10.95 =  100$; $\OML/cmm/m/it/10.95 gener
ation  \OT1/cmr/m/n/10.95 =$
 []

[26

 <C:/Users/Administator/Desktop/pathplanning_report/images/40pcaea.png> <C:/Use
rs/Administator/Desktop/pathplanning_report/images/100pcaea.png> <C:/Users/Admi
nistator/Desktop/pathplanning_report/images/200pcaea.png>]
File: images/500nsga.png Graphic file (type png)

<use images/500nsga.png>
Package pdftex.def Info: images/500nsga.png used on input line 952.
(pdftex.def)             Requested size: 108.405pt x 107.00159pt.
File: images/500moead.png Graphic file (type png)
 <use images/500moead.png>
Package pdftex.def Info: images/500moead.png used on input line 956.
(pdftex.def)             Requested size: 108.405pt x 110.30733pt.
File: images/500caea.png Graphic file (type png)
 <use images/500caea.png>
Package pdftex.def Info: images/500caea.png used on input line 960.
(pdftex.def)             Requested size: 108.405pt x 108.71996pt.

[27

] <images/65nsga.png, id=121, 522.45187pt x 524.71031pt>
File: images/65nsga.png Graphic file (type png)

<use images/65nsga.png>
Package pdftex.def Info: images/65nsga.png used on input line 976.
(pdftex.def)             Requested size: 108.405pt x 108.87135pt.
 <images/65moead.png, id=122, 517.18219pt x 517.935pt>
File: images/65moead.png Graphic file (type png)

<use images/65moead.png>
Package pdftex.def Info: images/65moead.png used on input line 980.
(pdftex.def)             Requested size: 108.405pt x 108.55617pt.

<images/65caea.png, id=123, 522.45187pt x 521.69907pt>
File: images/65caea.png Graphic file (type png)
 <use images/65caea.png>
Package pdftex.def Info: images/65caea.png used on input line 984.
(pdftex.def)             Requested size: 108.405pt x 108.24655pt.

<images/4nsga.png, id=124, 515.67656pt x 520.19344pt>
File: images/4nsga.png Graphic file (type png)
 <use images/4nsga.png>
Package pdftex.def Info: images/4nsga.png used on input line 993.
(pdftex.def)             Requested size: 108.405pt x 109.35497pt.

<images/4moead.png, id=125, 519.44063pt x 514.92375pt>
File: images/4moead.png Graphic file (type png)
 <use images/4moead.png>
Package pdftex.def Info: images/4moead.png used on input line 997.
(pdftex.def)             Requested size: 108.405pt x 107.46146pt.

<images/4caea.png, id=126, 514.17094pt x 515.67656pt>
File: images/4caea.png Graphic file (type png)
 <use images/4caea.png>
Package pdftex.def Info: images/4caea.png used on input line 1001.
(pdftex.def)             Requested size: 108.405pt x 108.72017pt.

Overfull \hbox (1.42653pt too wide) in paragraph at lines 1005--1008
\OT1/cmr/m/n/10.95 These run-ning screen-shot-s il-lus-trate that the di-ver-si
-ty p-reser-va-tion of NSGA-
 []

[28

 <C:/Users/Administator/Desktop/pathplanning_report/images/65nsga.png> <C:/User
s/Administator/Desktop/pathplanning_report/images/65moead.png> <C:/Users/Admini
stator/Desktop/pathplanning_report/images/65caea.png> <C:/Users/Administator/De
sktop/pathplanning_report/images/4nsga.png> <C:/Users/Administator/Desktop/path
planning_report/images/4moead.png> <C:/Users/Administator/Desktop/pathplanning_
report/images/4caea.png>]
Underfull \hbox (badness 10000) in paragraph at lines 1023--1047

 []


Underfull \hbox (badness 10000) in paragraph at lines 1023--1047

 []


Underfull \hbox (badness 10000) in paragraph at lines 1023--1047

 []


Underfull \hbox (badness 10000) in paragraph at lines 1023--1047

 []

[29] (C:\Users\Administator\Desktop\pathplanning_report\pathplanning_report.bbl
) [30]
(C:\Users\Administator\Desktop\pathplanning_report\pathplanning_report.aux)

LaTeX Font Warning: Some font shapes were not available, defaults substituted.

 ) 
Here is how much of TeX's memory you used:
 10235 strings out of 495354
 211717 string characters out of 3183858
 221010 words of memory out of 3000000
 13226 multiletter control sequences out of 15000+200000
 19355 words of font info for 75 fonts, out of 3000000 for 9000
 14 hyphenation exceptions out of 8191
 34i,13n,27p,577b,518s stack positions out of 5000i,500n,10000p,200000b,50000s
<D:/CTEX/MiKTeX/fonts/type1/public/amsfonts/cm/cmbx10.pfb><D:/CTEX/MiKTeX/fon
ts/type1/public/amsfonts/cm/cmbx12.pfb><D:/CTEX/MiKTeX/fonts/type1/public/amsfo
nts/cm/cmcsc10.pfb><D:/CTEX/MiKTeX/fonts/type1/public/amsfonts/cm/cmex10.pfb><D
:/CTEX/MiKTeX/fonts/type1/public/amsfonts/cm/cmmi10.pfb><D:/CTEX/MiKTeX/fonts/t
ype1/public/amsfonts/cm/cmmi6.pfb><D:/CTEX/MiKTeX/fonts/type1/public/amsfonts/c
m/cmmi8.pfb><D:/CTEX/MiKTeX/fonts/type1/public/amsfonts/cm/cmr10.pfb><D:/CTEX/M
iKTeX/fonts/type1/public/amsfonts/cm/cmr12.pfb><D:/CTEX/MiKTeX/fonts/type1/publ
ic/amsfonts/cm/cmr17.pfb><D:/CTEX/MiKTeX/fonts/type1/public/amsfonts/cm/cmr6.pf
b><D:/CTEX/MiKTeX/fonts/type1/public/amsfonts/cm/cmr8.pfb><D:/CTEX/MiKTeX/fonts
/type1/public/amsfonts/cm/cmr9.pfb><D:/CTEX/MiKTeX/fonts/type1/public/amsfonts/
cm/cmsy10.pfb><D:/CTEX/MiKTeX/fonts/type1/public/amsfonts/cm/cmsy6.pfb><D:/CTEX
/MiKTeX/fonts/type1/public/amsfonts/cm/cmsy8.pfb><D:/CTEX/MiKTeX/fonts/type1/pu
blic/amsfonts/cm/cmti10.pfb><D:/CTEX/MiKTeX/fonts/type1/public/amsfonts/latxfon
t/lasy10.pfb><D:/CTEX/MiKTeX/fonts/type1/public/amsfonts/symbols/msam10.pfb>
Output written on pathplanning_report.pdf (30 pages, 790489 bytes).
PDF statistics:
 195 PDF objects out of 1000 (max. 8388607)
 0 named destinations out of 1000 (max. 500000)
 106 words of extra memory for PDF output out of 10000 (max. 10000000)

